<?xml version="1.0" encoding="UTF-8"?>
<testsuite xmlns:xsi="http://www.w3.org/2001/XMLSchema-instance" xsi:schemaLocation="https://maven.apache.org/surefire/maven-surefire-plugin/xsd/surefire-test-report.xsd" name="UnitTest.ModelTest" time="0.11" tests="27" errors="0" skipped="0" failures="0">
  <properties>
    <property name="java.runtime.name" value="OpenJDK Runtime Environment"/>
    <property name="java.vm.version" value="11+28"/>
    <property name="sun.boot.library.path" value="C:\Program Files\Java\jdk-11\bin"/>
    <property name="maven.multiModuleProjectDirectory" value="C:\Users\marta\Project_gui"/>
    <property name="java.vm.vendor" value="Oracle Corporation"/>
    <property name="java.vendor.url" value="http://java.oracle.com/"/>
    <property name="guice.disable.misplaced.annotation.check" value="true"/>
    <property name="path.separator" value=";"/>
    <property name="java.vm.name" value="OpenJDK 64-Bit Server VM"/>
    <property name="sun.os.patch.level" value=""/>
    <property name="user.script" value=""/>
    <property name="user.country" value="PL"/>
    <property name="sun.java.launcher" value="SUN_STANDARD"/>
    <property name="test" value="UnitTest.ModelTest"/>
    <property name="java.vm.specification.name" value="Java Virtual Machine Specification"/>
    <property name="user.dir" value="C:\Users\marta\Project_gui"/>
    <property name="java.vm.compressedOopsMode" value="Zero based"/>
    <property name="java.runtime.version" value="11+28"/>
    <property name="java.awt.graphicsenv" value="sun.awt.Win32GraphicsEnvironment"/>
    <property name="os.arch" value="amd64"/>
    <property name="java.io.tmpdir" value="C:\Users\marta\AppData\Local\Temp\"/>
    <property name="line.separator" value="&#10;"/>
    <property name="java.vm.specification.vendor" value="Oracle Corporation"/>
    <property name="user.variant" value=""/>
    <property name="os.name" value="Windows 10"/>
    <property name="maven.ext.class.path" value="C:\Program Files\NetBeans-12.5\netbeans\java\maven-nblib\netbeans-eventspy.jar"/>
    <property name="classworlds.conf" value="C:\Program Files\NetBeans-12.5\netbeans\java\maven\bin\..\bin\m2.conf"/>
    <property name="sun.jnu.encoding" value="Cp1250"/>
    <property name="java.library.path" value="C:\Program Files\Java\jdk-11\bin;C:\windows\Sun\Java\bin;C:\windows\system32;C:\windows;C:\Program Files\Common Files\Oracle\Java\javapath;C:\windows\system32;C:\windows;C:\windows\System32\Wbem;C:\windows\System32\WindowsPowerShell\v1.0\;C:\windows\System32\OpenSSH\;C:\Program Files (x86)\NVIDIA Corporation\PhysX\Common;C:\Program Files\NVIDIA Corporation\NVIDIA NvDLISR;C:\Program Files\Java\jdk-11\bin;C:\Program Files\Java\jdk-11;C:\Program Files\Git\cmd;C:\Program Files\nodejs\;C:\Program Files\nodejs\;C:\Program Files\dotnet\;C:\Users\marta\AppData\Local\Microsoft\WindowsApps;C:\Users\marta\AppData\Local\Programs\Microsoft VS Code\bin;C:\Users\marta\AppData\Roaming\npm;C:\Program Files\nodejs\;C:\Users\marta\.dotnet\tools;."/>
    <property name="maven.conf" value="C:\Program Files\NetBeans-12.5\netbeans\java\maven\bin\../conf"/>
    <property name="jdk.debug" value="release"/>
    <property name="java.class.version" value="55.0"/>
    <property name="java.specification.name" value="Java Platform API Specification"/>
    <property name="sun.management.compiler" value="HotSpot 64-Bit Tiered Compilers"/>
    <property name="os.version" value="10.0"/>
    <property name="library.jansi.path" value="C:\Program Files\NetBeans-12.5\netbeans\java\maven\bin\..\lib\jansi-native"/>
    <property name="user.home" value="C:\Users\marta"/>
    <property name="user.timezone" value="Europe/Belgrade"/>
    <property name="java.awt.printerjob" value="sun.awt.windows.WPrinterJob"/>
    <property name="file.encoding" value="UTF-8"/>
    <property name="java.specification.version" value="11"/>
    <property name="user.name" value="marta"/>
    <property name="java.class.path" value="C:\Program Files\NetBeans-12.5\netbeans\java\maven\bin\..\boot\plexus-classworlds-2.6.0.jar"/>
    <property name="java.vm.specification.version" value="11"/>
    <property name="sun.arch.data.model" value="64"/>
    <property name="sun.java.command" value="org.codehaus.plexus.classworlds.launcher.Launcher -Dtest=UnitTest.ModelTest -Dmaven.ext.class.path=C:\Program Files\NetBeans-12.5\netbeans\java\maven-nblib\netbeans-eventspy.jar -Dfile.encoding=UTF-8 surefire:test"/>
    <property name="java.home" value="C:\Program Files\Java\jdk-11"/>
    <property name="user.language" value="pl"/>
    <property name="java.specification.vendor" value="Oracle Corporation"/>
    <property name="awt.toolkit" value="sun.awt.windows.WToolkit"/>
    <property name="java.vm.info" value="mixed mode"/>
    <property name="java.version" value="11"/>
    <property name="java.vendor" value="Oracle Corporation"/>
    <property name="maven.home" value="C:\Program Files\NetBeans-12.5\netbeans\java\maven\bin\.."/>
    <property name="file.separator" value="\"/>
    <property name="java.version.date" value="2018-09-25"/>
    <property name="java.vendor.url.bug" value="http://bugreport.java.com/bugreport/"/>
    <property name="sun.io.unicode.encoding" value="UnicodeLittle"/>
    <property name="sun.cpu.endian" value="little"/>
    <property name="java.vendor.version" value="18.9"/>
    <property name="sun.desktop" value="windows"/>
    <property name="sun.cpu.isalist" value="amd64"/>
  </properties>
  <testcase name="testFormatAvg{double}[1]" classname="UnitTest.ModelTest" time="0.041"/>
  <testcase name="testGetGrade{int}[1]" classname="UnitTest.ModelTest" time="0.001"/>
  <testcase name="testGetGrade{int}[2]" classname="UnitTest.ModelTest" time="0.001"/>
  <testcase name="testGetGrade{int}[3]" classname="UnitTest.ModelTest" time="0"/>
  <testcase name="testGetGrade{int}[4]" classname="UnitTest.ModelTest" time="0.001"/>
  <testcase name="testGetGrade{int}[5]" classname="UnitTest.ModelTest" time="0"/>
  <testcase name="testGetGrade{int}[6]" classname="UnitTest.ModelTest" time="0"/>
  <testcase name="testGetGrade{int}[7]" classname="UnitTest.ModelTest" time="0"/>
  <testcase name="testGetGrade{int}[8]" classname="UnitTest.ModelTest" time="0"/>
  <testcase name="testGetGrade{int}[9]" classname="UnitTest.ModelTest" time="0.001"/>
  <testcase name="testAddGrade{int}[1]" classname="UnitTest.ModelTest" time="0.001"/>
  <testcase name="testAddGrade{int}[2]" classname="UnitTest.ModelTest" time="0"/>
  <testcase name="testAddGrade{int}[3]" classname="UnitTest.ModelTest" time="0"/>
  <testcase name="testAddGrade{int}[4]" classname="UnitTest.ModelTest" time="0"/>
  <testcase name="testAddGrade{int}[5]" classname="UnitTest.ModelTest" time="0"/>
  <testcase name="testAddGrade{int}[6]" classname="UnitTest.ModelTest" time="0.001"/>
  <testcase name="testAddGrade{int}[7]" classname="UnitTest.ModelTest" time="0"/>
  <testcase name="testAddGrade{int}[8]" classname="UnitTest.ModelTest" time="0"/>
  <testcase name="testAddGrade{int}[9]" classname="UnitTest.ModelTest" time="0"/>
  <testcase name="testAddGrade{int}[10]" classname="UnitTest.ModelTest" time="0"/>
  <testcase name="testSetSubjectName{String}[1]" classname="UnitTest.ModelTest" time="0.001"/>
  <testcase name="testSetSubjectName{String}[2]" classname="UnitTest.ModelTest" time="0"/>
  <testcase name="testSetSubjectName{String}[3]" classname="UnitTest.ModelTest" time="0.001"/>
  <testcase name="testSetSubjectName{String}[4]" classname="UnitTest.ModelTest" time="0.001"/>
  <testcase name="testSetSubjectName{String}[5]" classname="UnitTest.ModelTest" time="0"/>
  <testcase name="testSetSubjectName{String}[6]" classname="UnitTest.ModelTest" time="0.001"/>
  <testcase name="testCalculateAvg" classname="UnitTest.ModelTest" time="0.002"/>
</testsuite>